<?xml version="1.0" encoding="UTF-8"?>
<testng-results skipped="0" failed="0" total="1" passed="1">
  <reporter-output>
  </reporter-output>
  <suite name="Suite" duration-ms="15" started-at="2019-02-18T09:21:20Z" finished-at="2019-02-18T09:21:20Z">
    <groups>
    </groups>
    <test name="Test" duration-ms="15" started-at="2019-02-18T09:21:20Z" finished-at="2019-02-18T09:21:20Z">
      <class name="Testing.BTest">
        <test-method status="PASS" signature="test2()[pri:0, instance:Testing.BTest@7f63425a]" name="test2" duration-ms="15" started-at="2019-02-18T14:51:20Z" finished-at="2019-02-18T14:51:20Z">
          <reporter-output>
          </reporter-output>
        </test-method> <!-- test2 -->
      </class> <!-- Testing.BTest -->
    </test> <!-- Test -->
  </suite> <!-- Suite -->
</testng-results>
